<?xml version="1.0" encoding="UTF-8"?>
<robot generator="Robot 6.1.1 (Python 3.11.4 on win32)" generated="20240605 23:58:31.314" rpa="false" schemaversion="4">
<suite id="s1" name="Test" source="C:\Users\penie\OneDrive\Área de Trabalho\Robot\test\features\test.robot">
<test id="s1-t1" name="Caso de teste 1" line="10">
<kw name="Abrir navegador" library="hooks" type="SETUP">
<kw name="Open Browser" library="SeleniumLibrary">
<arg>about:blank</arg>
<arg>chrome</arg>
<doc>Opens a new browser instance to the optional ``url``.</doc>
<msg timestamp="20240605 23:58:31.750" level="INFO">Opening browser 'chrome' to base url 'about:blank'.</msg>
<status status="PASS" starttime="20240605 23:58:31.749" endtime="20240605 23:58:34.510"/>
</kw>
<kw name="Maximize Browser Window" library="SeleniumLibrary">
<doc>Maximizes current browser window.</doc>
<status status="PASS" starttime="20240605 23:58:34.510" endtime="20240605 23:58:34.539"/>
</kw>
<status status="PASS" starttime="20240605 23:58:31.749" endtime="20240605 23:58:34.539"/>
</kw>
<kw name="Acessar a pagina do Learning Prime" library="kws_home">
<kw name="Go To" library="SeleniumLibrary">
<arg>https://learningprime.com.br/</arg>
<doc>Navigates the current browser window to the provided ``url``.</doc>
<msg timestamp="20240605 23:58:34.540" level="INFO">Opening url 'https://learningprime.com.br/'</msg>
<status status="PASS" starttime="20240605 23:58:34.540" endtime="20240605 23:58:38.152"/>
</kw>
<status status="PASS" starttime="20240605 23:58:34.540" endtime="20240605 23:58:38.152"/>
</kw>
<kw name="Clicar no segundo produto" library="kws_home">
<kw name="Wait Until Element Is Visible" library="SeleniumLibrary">
<arg>${PRODUTO.segundo}</arg>
<doc>Waits until the element ``locator`` is visible.</doc>
<status status="PASS" starttime="20240605 23:58:38.154" endtime="20240605 23:58:38.335"/>
</kw>
<kw name="Click Element" library="SeleniumLibrary">
<arg>${PRODUTO.segundo}</arg>
<doc>Click the element identified by ``locator``.</doc>
<msg timestamp="20240605 23:58:38.336" level="INFO">Clicking element 'id:product_2'.</msg>
<status status="PASS" starttime="20240605 23:58:38.335" endtime="20240605 23:58:39.838"/>
</kw>
<status status="PASS" starttime="20240605 23:58:38.153" endtime="20240605 23:58:39.839"/>
</kw>
<kw name="Tirar print" library="kws_home">
<kw name="Sleep" library="BuiltIn">
<arg>1s</arg>
<doc>Pauses the test executed for the given time.</doc>
<msg timestamp="20240605 23:58:40.842" level="INFO">Slept 1 second</msg>
<status status="PASS" starttime="20240605 23:58:39.840" endtime="20240605 23:58:40.842"/>
</kw>
<kw name="Capture Page Screenshot" library="SeleniumLibrary">
<doc>Takes a screenshot of the current page and embeds it into a log file.</doc>
<msg timestamp="20240605 23:58:41.014" level="INFO" html="true">&lt;/td&gt;&lt;/tr&gt;&lt;tr&gt;&lt;td colspan="3"&gt;&lt;a href="selenium-screenshot-1.png"&gt;&lt;img src="selenium-screenshot-1.png" width="800px"&gt;&lt;/a&gt;</msg>
<status status="PASS" starttime="20240605 23:58:40.842" endtime="20240605 23:58:41.014"/>
</kw>
<status status="PASS" starttime="20240605 23:58:39.840" endtime="20240605 23:58:41.014"/>
</kw>
<kw name="Fechar navegador" library="hooks" type="TEARDOWN">
<kw name="Close Browser" library="SeleniumLibrary">
<doc>Closes the current browser.</doc>
<status status="PASS" starttime="20240605 23:58:41.016" endtime="20240605 23:58:43.266"/>
</kw>
<status status="PASS" starttime="20240605 23:58:41.015" endtime="20240605 23:58:43.266"/>
</kw>
<tag>tc1</tag>
<status status="PASS" starttime="20240605 23:58:31.747" endtime="20240605 23:58:43.266"/>
</test>
<status status="PASS" starttime="20240605 23:58:31.316" endtime="20240605 23:58:43.268"/>
</suite>
<statistics>
<total>
<stat pass="1" fail="0" skip="0">All Tests</stat>
</total>
<tag>
<stat pass="1" fail="0" skip="0">tc1</stat>
</tag>
<suite>
<stat pass="1" fail="0" skip="0" id="s1" name="Test">Test</stat>
</suite>
</statistics>
<errors>
</errors>
</robot>
